[0.014s] Invoking command in '/home/ubuntu/ros2_ws/build/robovision_rgbd': CMAKE_PREFIX_PATH=${CMAKE_PREFIX_PATH}:/home/ubuntu/ros2_ws/install/opencv_tests:/opt/ros/jazzy /usr/bin/cmake --build /home/ubuntu/ros2_ws/build/robovision_rgbd -- -j16 -l16
[0.130s] [  0%] Built target ament_cmake_python_copy_robovision_rgbd
[0.183s] [ 25%] Built target rgbd_reader_faceRecog2
[0.184s] [ 37%] [32mBuilding CXX object CMakeFiles/rgbd_reader_faceRecog_tracking.dir/src/rgbd_reader_faceRecog_tracking.cpp.o[0m
[0.185s] [ 87%] Built target rgbd_reader
[0.185s] [ 87%] Built target rgbd_reader_faceRecog_tracking2
[0.275s] running egg_info
[0.284s] writing robovision_rgbd.egg-info/PKG-INFO
[0.285s] writing dependency_links to robovision_rgbd.egg-info/dependency_links.txt
[0.285s] writing top-level names to robovision_rgbd.egg-info/top_level.txt
[0.315s] reading manifest file 'robovision_rgbd.egg-info/SOURCES.txt'
[0.316s] writing manifest file 'robovision_rgbd.egg-info/SOURCES.txt'
[0.335s] [ 87%] Built target ament_cmake_python_build_robovision_rgbd_egg
[2.399s] [01m[K/home/ubuntu/ros2_ws/src/robovision_ros2/robovision_3/src/rgbd_reader_faceRecog_tracking.cpp:[m[K In member function â€˜[01m[Kvoid PointCloudCentroidNode::[01;32m[KdetectAndDisplay[m[K(cv::Mat)[m[Kâ€™:
[2.399s] [01m[K/home/ubuntu/ros2_ws/src/robovision_ros2/robovision_3/src/rgbd_reader_faceRecog_tracking.cpp:165:62:[m[K [01;31m[Kerror: [m[Kâ€˜[01m[Krow_id[m[Kâ€™ was not declared in this scope
[2.399s]   165 |                 cv::Vec4f point = point_cloud_.at<cv::Vec4f>([01;31m[Krow_id[m[K, col_id);
[2.399s]       |                                                              [01;31m[K^~~~~~[m[K
[2.404s] [01m[K/home/ubuntu/ros2_ws/src/robovision_ros2/robovision_3/src/rgbd_reader_faceRecog_tracking.cpp:165:70:[m[K [01;31m[Kerror: [m[Kâ€˜[01m[Kcol_id[m[Kâ€™ was not declared in this scope
[2.404s]   165 |                 cv::Vec4f point = point_cloud_.at<cv::Vec4f>(row_id, [01;31m[Kcol_id[m[K);
[2.404s]       |                                                                      [01;31m[K^~~~~~[m[K
[4.648s] gmake[2]: *** [CMakeFiles/rgbd_reader_faceRecog_tracking.dir/build.make:76: CMakeFiles/rgbd_reader_faceRecog_tracking.dir/src/rgbd_reader_faceRecog_tracking.cpp.o] Error 1
[4.648s] gmake[1]: *** [CMakeFiles/Makefile2:198: CMakeFiles/rgbd_reader_faceRecog_tracking.dir/all] Error 2
[4.648s] gmake: *** [Makefile:146: all] Error 2
[4.649s] Invoked command in '/home/ubuntu/ros2_ws/build/robovision_rgbd' returned '2': CMAKE_PREFIX_PATH=${CMAKE_PREFIX_PATH}:/home/ubuntu/ros2_ws/install/opencv_tests:/opt/ros/jazzy /usr/bin/cmake --build /home/ubuntu/ros2_ws/build/robovision_rgbd -- -j16 -l16
