[  0%] Built target ament_cmake_python_copy_robovision_processing
[ 50%] [32mBuilding CXX object CMakeFiles/my_processing.dir/src/my_processing.cpp.o[0m
running egg_info
writing robovision_processing.egg-info/PKG-INFO
writing dependency_links to robovision_processing.egg-info/dependency_links.txt
writing top-level names to robovision_processing.egg-info/top_level.txt
reading manifest file 'robovision_processing.egg-info/SOURCES.txt'
writing manifest file 'robovision_processing.egg-info/SOURCES.txt'
[ 50%] Built target ament_cmake_python_build_robovision_processing_egg
[01m[K/home/ubuntu/ros2_ws/src/robovision_ros2/robovision_2/src/my_processing.cpp:43:18:[m[K [01;31m[Kerror: [m[Kâ€˜[01m[Kimage_[m[Kâ€™ is not a type
   43 |     cv::cvtColor([01;31m[Kimage_[m[K, image_gray, CV_BGR2GRAY);
      |                  [01;31m[K^~~~~~[m[K
[01m[K/home/ubuntu/ros2_ws/src/robovision_ros2/robovision_2/src/my_processing.cpp:43:26:[m[K [01;31m[Kerror: [m[Kâ€˜[01m[Kimage_gray[m[Kâ€™ is not a type
   43 |     cv::cvtColor(image_, [01;31m[Kimage_gray[m[K, CV_BGR2GRAY);
      |                          [01;31m[K^~~~~~~~~~[m[K
[01m[K/home/ubuntu/ros2_ws/src/robovision_ros2/robovision_2/src/my_processing.cpp:43:38:[m[K [01;31m[Kerror: [m[Kâ€˜[01m[KCV_BGR2GRAY[m[Kâ€™ is not a type
   43 |     cv::cvtColor(image_, image_gray, [01;31m[KCV_BGR2GRAY[m[K);
      |                                      [01;31m[K^~~~~~~~~~~[m[K
[01m[K/home/ubuntu/ros2_ws/src/robovision_ros2/robovision_2/src/my_processing.cpp:43:5:[m[K [01;31m[Kerror: [m[KISO C++ forbids declaration of â€˜[01m[KcvtColor[m[Kâ€™ with no type [[01;31m[K]8;;https://gcc.gnu.org/onlinedocs/gcc/Warning-Options.html#index-fpermissive-fpermissive]8;;[m[K]
   43 |     [01;31m[Kcv[m[K::cvtColor(image_, image_gray, CV_BGR2GRAY);
      |     [01;31m[K^~[m[K
[01m[K/home/ubuntu/ros2_ws/src/robovision_ros2/robovision_2/src/my_processing.cpp:43:5:[m[K [01;31m[Kerror: [m[Kinvalid use of â€˜[01m[K::[m[Kâ€™
gmake[2]: *** [CMakeFiles/my_processing.dir/build.make:76: CMakeFiles/my_processing.dir/src/my_processing.cpp.o] Error 1
gmake[1]: *** [CMakeFiles/Makefile2:140: CMakeFiles/my_processing.dir/all] Error 2
gmake: *** [Makefile:146: all] Error 2
