[01m[K/home/ubuntu/ros2_ws/src/robovision_ros2/robovision_3/src/rgbd_reader_faceRecog_tracking.cpp:[m[K In member function â€˜[01m[Kvoid PointCloudCentroidNode::[01;32m[KdetectAndDisplay[m[K(cv::Mat)[m[Kâ€™:
[01m[K/home/ubuntu/ros2_ws/src/robovision_ros2/robovision_3/src/rgbd_reader_faceRecog_tracking.cpp:165:62:[m[K [01;31m[Kerror: [m[Kâ€˜[01m[Krow_id[m[Kâ€™ was not declared in this scope
  165 |                 cv::Vec4f point = point_cloud_.at<cv::Vec4f>([01;31m[Krow_id[m[K, col_id);
      |                                                              [01;31m[K^~~~~~[m[K
[01m[K/home/ubuntu/ros2_ws/src/robovision_ros2/robovision_3/src/rgbd_reader_faceRecog_tracking.cpp:165:70:[m[K [01;31m[Kerror: [m[Kâ€˜[01m[Kcol_id[m[Kâ€™ was not declared in this scope
  165 |                 cv::Vec4f point = point_cloud_.at<cv::Vec4f>(row_id, [01;31m[Kcol_id[m[K);
      |                                                                      [01;31m[K^~~~~~[m[K
gmake[2]: *** [CMakeFiles/rgbd_reader_faceRecog_tracking.dir/build.make:76: CMakeFiles/rgbd_reader_faceRecog_tracking.dir/src/rgbd_reader_faceRecog_tracking.cpp.o] Error 1
gmake[1]: *** [CMakeFiles/Makefile2:198: CMakeFiles/rgbd_reader_faceRecog_tracking.dir/all] Error 2
gmake: *** [Makefile:146: all] Error 2
