[0.011s] Invoking command in '/home/ubuntu/ros2_ws/build/robovision_processing': CMAKE_PREFIX_PATH=${CMAKE_PREFIX_PATH}:/home/ubuntu/ros2_ws/install/opencv_tests:/opt/ros/jazzy /usr/bin/cmake --build /home/ubuntu/ros2_ws/build/robovision_processing -- -j16 -l16
[0.048s] [  0%] Built target ament_cmake_python_copy_robovision_processing
[0.049s] [ 50%] [32mBuilding CXX object CMakeFiles/my_processing.dir/src/my_processing.cpp.o[0m
[0.189s] running egg_info
[0.199s] writing robovision_processing.egg-info/PKG-INFO
[0.199s] writing dependency_links to robovision_processing.egg-info/dependency_links.txt
[0.199s] writing top-level names to robovision_processing.egg-info/top_level.txt
[0.226s] reading manifest file 'robovision_processing.egg-info/SOURCES.txt'
[0.227s] writing manifest file 'robovision_processing.egg-info/SOURCES.txt'
[0.245s] [ 50%] Built target ament_cmake_python_build_robovision_processing_egg
[1.886s] [01m[K/home/ubuntu/ros2_ws/src/robovision_ros2/robovision_2/src/my_processing.cpp:37:26:[m[K [01;31m[Kerror: [m[Kâ€˜[01m[Kimage_[m[Kâ€™ is not a type
[1.886s]    37 |     cv::Mat image_gray_2([01;31m[Kimage_[m[K.rows, image_.cols, CV_8UC1);
[1.886s]       |                          [01;31m[K^~~~~~[m[K
[1.886s] [01m[K/home/ubuntu/ros2_ws/src/robovision_ros2/robovision_2/src/my_processing.cpp:37:32:[m[K [01;31m[Kerror: [m[Kexpected â€˜[01m[K,[m[Kâ€™ or â€˜[01m[K...[m[Kâ€™ before â€˜[01m[K.[m[Kâ€™ token
[1.886s]    37 |     cv::Mat image_gray_2(image_[01;31m[K.[m[Krows, image_.cols, CV_8UC1);
[1.886s]       |                                [01;31m[K^[m[K
[3.648s] gmake[2]: *** [CMakeFiles/my_processing.dir/build.make:76: CMakeFiles/my_processing.dir/src/my_processing.cpp.o] Error 1
[3.648s] gmake[1]: *** [CMakeFiles/Makefile2:140: CMakeFiles/my_processing.dir/all] Error 2
[3.648s] gmake: *** [Makefile:146: all] Error 2
[3.649s] Invoked command in '/home/ubuntu/ros2_ws/build/robovision_processing' returned '2': CMAKE_PREFIX_PATH=${CMAKE_PREFIX_PATH}:/home/ubuntu/ros2_ws/install/opencv_tests:/opt/ros/jazzy /usr/bin/cmake --build /home/ubuntu/ros2_ws/build/robovision_processing -- -j16 -l16
